2025-05-05 14:14:48,455 - INFO - [START MONITORING] I:\
2025-05-05 14:15:20,831 - INFO - [FILE CREATED] I:\New Text Document.txt
2025-05-05 14:15:20,831 - INFO - [FILE MODIFIED] I:\New Text Document.txt
2025-05-05 14:15:33,475 - INFO - [STOP MONITORING] I:\
2025-05-05 14:16:03,479 - INFO - [START MONITORING] I:\
2025-05-05 14:16:38,159 - INFO - [FILE DELETED] I:\New Text Document.txt
2025-05-05 14:16:47,074 - INFO - [FILE CREATED] I:\WhatsApp Image 2025-04-22 at 20.00.36_49ed9b8d.jpg
2025-05-05 14:16:47,074 - INFO - [FILE MODIFIED] I:\WhatsApp Image 2025-04-22 at 20.00.36_49ed9b8d.jpg
2025-05-05 14:16:47,310 - INFO - [FILE MODIFIED] I:\WhatsApp Image 2025-04-22 at 20.00.36_49ed9b8d.jpg
2025-05-05 14:16:47,310 - INFO - [FILE MODIFIED] I:\WhatsApp Image 2025-04-22 at 20.00.36_49ed9b8d.jpg
2025-05-05 14:17:47,310 - INFO - [FILE CREATED] I:\1.jpg
2025-05-05 14:17:47,325 - INFO - [FILE MODIFIED] I:\1.jpg
2025-05-05 14:17:47,331 - INFO - [FILE MODIFIED] I:\1.jpg
2025-05-05 14:17:47,331 - INFO - [FILE MODIFIED] I:\1.jpg
2025-05-05 14:17:59,331 - INFO - [STOP MONITORING] I:\
2025-05-05 14:43:05,914 - INFO - [START MONITORING] I:\
2025-05-05 14:44:47,914 - INFO - [FILE DELETED] I:\1.jpg
2025-05-05 14:44:56,565 - INFO - [FILE CREATED] I:\1.jpg
2025-05-05 14:44:56,565 - INFO - [FILE MODIFIED] I:\1.jpg
2025-05-05 14:44:56,826 - INFO - [FILE MODIFIED] I:\1.jpg
2025-05-05 14:44:56,836 - INFO - [FILE MODIFIED] I:\1.jpg
2025-05-05 14:44:56,836 - INFO - [FILE MODIFIED] I:\1.jpg
2025-05-05 14:45:17,564 - INFO - [FILE MODIFIED] I:\New Doc 2025-03-16 07.47.35.331.pdf
2025-05-05 14:45:17,564 - INFO - [FILE MODIFIED] I:\New Doc 2025-03-16 07.47.35.331.pdf
2025-05-05 14:45:23,575 - INFO - [FILE MODIFIED] I:\New Doc 2025-03-16 07.47.35.331.pdf
2025-05-05 14:45:23,575 - INFO - [FILE MODIFIED] I:\New Doc 2025-03-16 07.47.35.331.pdf
2025-05-05 14:45:34,884 - INFO - [FILE MODIFIED] I:\2 .mp4
2025-05-05 14:46:04,876 - INFO - [FILE DELETED] I:\1.jpg
2025-05-05 14:46:10,965 - INFO - [FILE DELETED] I:\[MM]- Dragon (2025) Tamil HDRip - 720p - x264 - (AAC 2.0) - .mkv
2025-05-05 14:46:19,674 - INFO - [FILE DELETED] I:\.mediaexplorer\media
2025-05-05 14:46:19,875 - INFO - [FILE DELETED] I:\.mediaexplorer\media-wal
2025-05-05 14:46:19,891 - INFO - [FILE DELETED] I:\.mediaexplorer\media-shm
2025-05-05 14:46:19,907 - INFO - [FILE DELETED] I:\.mediaexplorer
2025-05-05 14:46:19,907 - INFO - [FILE DELETED] I:\Android\data\.nomedia
2025-05-05 14:46:19,923 - INFO - [FILE DELETED] I:\Android\data\com.google.android.gms\files
2025-05-05 14:46:19,939 - INFO - [FILE DELETED] I:\Android\data\com.google.android.gms
2025-05-05 14:46:19,958 - INFO - [FILE DELETED] I:\Android\data
2025-05-05 14:46:19,972 - INFO - [FILE DELETED] I:\Android
2025-05-05 14:46:19,972 - INFO - [FILE DELETED] I:\LOST.DIR
2025-05-05 14:46:26,209 - INFO - [FILE DELETED] I:\WhatsApp Image 2025-04-22 at 20.00.36_49ed9b8d.jpg
2025-05-05 14:46:26,381 - INFO - [FILE DELETED] I:\New Doc 2025-03-16 07.47.35.331.pdf
2025-05-05 14:46:27,884 - INFO - [FILE DELETED] I:\2 .mp4
2025-05-05 14:47:25,955 - INFO - [STOP MONITORING] I:\
2025-05-05 14:47:35,957 - INFO - [START MONITORING] I:\
2025-05-05 14:47:57,927 - INFO - [FILE DELETED] I:\2.txt
2025-05-05 14:48:06,536 - INFO - [STOP MONITORING] I:\
2025-05-05 14:48:16,405 - INFO - [START MONITORING] I:\
2025-05-05 14:48:22,077 - INFO - [FILE CREATED] I:\2.txt
2025-05-05 14:48:22,077 - INFO - [FILE MODIFIED] I:\2.txt
2025-05-05 14:48:30,208 - INFO - [STOP MONITORING] I:\
2025-05-05 14:50:57,764 - INFO - [START MONITORING] I:\
2025-05-05 14:51:24,413 - INFO - [FILE DELETED] I:\2.txt
2025-05-05 14:51:36,334 - INFO - [FILE CREATED] I:\2.txt
2025-05-05 14:51:36,334 - INFO - [FILE MODIFIED] I:\2.txt
2025-05-05 14:51:55,472 - INFO - [FILE MODIFIED] I:\2.txt
2025-05-05 14:51:55,472 - INFO - [FILE MODIFIED] I:\2.txt
2025-05-05 14:54:26,049 - INFO - [START MONITORING] I:\
2025-05-05 14:54:41,054 - INFO - [STOP MONITORING] I:\
